build/app/outputs/mapping/release/mapping.txt
# compiler: R8
# compiler_version: 2.1.62
# min_api: 21
# pg_map_id: 8972cdf
# common_typos_disable
...
com.google.android.gms.common.internal.IAccountAccessor -> com.google.android.gms.common.internal.i:
    android.accounts.Account zzb() -> f
com.google.android.gms.common.internal.IAccountAccessor$Stub -> com.google.android.gms.common.internal.i$a:
    com.google.android.gms.common.internal.IAccountAccessor asInterface(android.os.IBinder) -> b
com.google.android.gms.common.internal.IGmsCallbacks -> com.google.android.gms.common.internal.j:
    void zzb(int,android.os.Bundle) -> d
    void zzc(int,android.os.IBinder,com.google.android.gms.common.internal.zzj) -> e
    void onPostInitComplete(int,android.os.IBinder,android.os.Bundle) -> k
com.google.android.gms.common.internal.IGmsServiceBroker -> com.google.android.gms.common.internal.k:
    void getService(com.google.android.gms.common.internal.IGmsCallbacks,com.google.android.gms.common.internal.GetServiceRequest) -> h
com.google.android.gms.common.internal.MethodInvocation -> com.google.android.gms.common.internal.l:
    java.lang.String zaf -> i
    int zai -> l
    java.lang.String zag -> j
    int zah -> k
    long zae -> h
    long zad -> g
    int zac -> f
    int zaa -> d
    int zab -> e
com.google.android.gms.common.internal.Objects -> com.google.android.gms.common.internal.m:
    boolean equal(java.lang.Object,java.lang.Object) -> a
    int hashCode(java.lang.Object[]) -> b
    com.google.android.gms.common.internal.Objects$ToStringHelper toStringHelper(java.lang.Object) -> c
com.google.android.gms.common.internal.Objects$ToStringHelper -> com.google.android.gms.common.internal.m$a:
    java.util.List zza -> a
    java.lang.Object zzb -> b
    com.google.android.gms.common.internal.Objects$ToStringHelper add(java.lang.String,java.lang.Object) -> a
com.google.android.gms.common.internal.Preconditions -> com.google.android.gms.common.internal.n:
    void checkArgument(boolean) -> a
    void checkArgument(boolean,java.lang.Object) -> b
    void checkHandlerThread(android.os.Handler) -> c
    java.lang.String checkNotEmpty(java.lang.String) -> d
    java.lang.String checkNotEmpty(java.lang.String,java.lang.Object) -> e
    void checkNotMainThread() -> f
    void checkNotMainThread(java.lang.String) -> g
    java.lang.Object checkNotNull(java.lang.Object) -> h
    java.lang.Object checkNotNull(java.lang.Object,java.lang.Object) -> i
    void checkState(boolean) -> j
    void checkState(boolean,java.lang.Object) -> k
com.google.android.gms.common.internal.RootTelemetryConfigManager -> com.google.android.gms.common.internal.o:
    com.google.android.gms.common.internal.RootTelemetryConfigManager zza -> b
    com.google.android.gms.common.internal.RootTelemetryConfiguration zzc -> a
    com.google.android.gms.common.internal.RootTelemetryConfiguration zzb -> c
    com.google.android.gms.common.internal.RootTelemetryConfiguration getConfig() -> a
    com.google.android.gms.common.internal.RootTelemetryConfigManager getInstance() -> b
    void zza(com.google.android.gms.common.internal.RootTelemetryConfiguration) -> c
com.google.android.gms.common.internal.RootTelemetryConfiguration -> com.google.android.gms.common.internal.p:
    int zze -> h
    boolean zzb -> e
    boolean zzc -> f
    int zzd -> g
    int zza -> d
    int getBatchPeriodMillis() -> b
    int getMaxMethodInvocationsInBatch() -> c
    boolean getMethodInvocationTelemetryEnabled() -> d
    boolean getMethodTimingTelemetryEnabled() -> e
    int getVersion() -> f
com.google.android.gms.common.internal.StringResourceValueReader -> com.google.android.gms.common.internal.q:
    java.lang.String zzb -> b
    android.content.res.Resources zza -> a
    java.lang.String getString(java.lang.String) -> a
com.google.android.gms.common.internal.TelemetryData -> com.google.android.gms.common.internal.r:
    java.util.List zab -> e
    int zaa -> d
    int zaa() -> b
    java.util.List zab() -> c
    void zac(com.google.android.gms.common.internal.MethodInvocation) -> d