build/app/outputs/mapping/release/usage.txt
com.example.motivational_quote_app.R$mipmap
com.example.motivational_quote_app.R$dimen
com.example.motivational_quote_app.R$color
com.example.motivational_quote_app.R$string
com.example.motivational_quote_app.R$drawable
com.example.motivational_quote_app.BuildConfig
com.example.motivational_quote_app.R$layout
com.example.motivational_quote_app.R$styleable
com.example.motivational_quote_app.R$id
com.example.motivational_quote_app.R
com.example.motivational_quote_app.R$style
com.example.motivational_quote_app.R$integer
com.example.motivational_quote_app.R$attr
...
kotlin.collections.GroupingKt
kotlin.internal.RequireKotlin
androidx.core.graphics.TypefaceCompatBaseImpl$1
com.google.common.escape.Escapers$Builder$1
com.google.apphosting.datastore.testing.DatastoreTestTrace$FirestoreV1Action$GetDocumentOrBuilder
com.google.firestore.v1.StructuredQuery$FieldReference:
    private void clearFieldPath()
    private void setFieldPathBytes(com.google.protobuf.ByteString)
    public static com.google.firestore.v1.StructuredQuery$FieldReference parseFrom(java.nio.ByteBuffer)
    public static com.google.firestore.v1.StructuredQuery$FieldReference parseFrom(java.nio.ByteBuffer,com.google.protobuf.ExtensionRegistryLite)
    public static com.google.firestore.v1.StructuredQuery$FieldReference parseFrom(com.google.protobuf.ByteString)
    public static com.google.firestore.v1.StructuredQuery$FieldReference parseFrom(com.google.protobuf.ByteString,com.google.protobuf.ExtensionRegistryLite)
    public static com.google.firestore.v1.StructuredQuery$FieldReference parseFrom(byte[])
    public static com.google.firestore.v1.StructuredQuery$FieldReference parseFrom(byte[],com.google.protobuf.ExtensionRegistryLite)
    public static com.google.firestore.v1.StructuredQuery$FieldReference parseFrom(java.io.InputStream)
    public static com.google.firestore.v1.StructuredQuery$FieldReference parseFrom(java.io.InputStream,com.google.protobuf.ExtensionRegistryLite)
    public static com.google.firestore.v1.StructuredQuery$FieldReference parseDelimitedFrom(java.io.InputStream)
    public static com.google.firestore.v1.StructuredQuery$FieldReference parseDelimitedFrom(java.io.InputStream,com.google.protobuf.ExtensionRegistryLite)
com.google.protobuf.BytesValue$1
io.grpc.util.TransmitStatusRuntimeExceptionInterceptor$SerializingServerCall$3
com.google.apphosting.datastore.testing.DatastoreTestTrace$DatastoreActionOrBuilder
com.google.android.gms.tasks.zzd:
    public final void zzc()
kotlin.coroutines.ContinuationKt:
    private static final void resume(kotlin.coroutines.Continuation,java.lang.Object)
    private static final void resumeWithException(kotlin.coroutines.Continuation,java.lang.Throwable)
    private static final kotlin.coroutines.Continuation Continuation(kotlin.coroutines.CoroutineContext,kotlin.jvm.functions.Function1)
    public static final kotlin.coroutines.Continuation createCoroutine(kotlin.jvm.functions.Function1,kotlin.coroutines.Continuation)
    public static final kotlin.coroutines.Continuation createCoroutine(kotlin.jvm.functions.Function2,java.lang.Object,kotlin.coroutines.Continuation)
    public static final void startCoroutine(kotlin.jvm.functions.Function1,kotlin.coroutines.Continuation)
    private static final java.lang.Object suspendCoroutine(kotlin.jvm.functions.Function1,kotlin.coroutines.Continuation)
    private static final kotlin.coroutines.CoroutineContext getCoroutineContext()
    public static synthetic void getCoroutineContext$annotations()
com.google.common.util.concurrent.MoreExecutors$2
kotlinx.coroutines.flow.FlowKt__ErrorsKt$catchImpl$$inlined$collect$1
io.grpc.internal.ClientTransportFactory$SwapChannelCredentialsResult
com.google.firestore.v1.WriteProto
com.google.common.cache.CacheBuilderSpec$MaximumSizeParser
com.google.common.collect.ArrayTable$RowMap
kotlin.jvm.internal.EnumCompanionObject
com.google.firebase.firestore.index.OrderedCodeWriter:
    public void reset()
    public static final byte ESCAPE1
    public static final byte NULL_BYTE
    public static final byte SEPARATOR
    public static final byte ESCAPE2
    public static final byte INFINITY
    public static final byte FF_BYTE
    public static final long DOUBLE_SIGN_MASK
    public static final long DOUBLE_ALL_BITS
    private static final int DEFAULT_BUFFER_SIZE
androidx.core.app.TaskStackBuilder$SupportParentable
kotlinx.coroutines.flow.SharedFlow
com.google.firestore.admin.v1.Index$State$StateVerifier